<?xml version="1.0" encoding="UTF-8"?>
<testng-results skipped="0" failed="0" total="2" passed="2">
  <reporter-output>
  </reporter-output>
  <suite name="Default suite" duration-ms="25416" started-at="2017-09-19T08:56:18Z" finished-at="2017-09-19T08:56:44Z">
    <groups>
    </groups>
    <test name="Default test" duration-ms="25416" started-at="2017-09-19T08:56:18Z" finished-at="2017-09-19T08:56:44Z">
      <class name="com.quidco.tests.JoinNowTests">
        <test-method status="PASS" signature="setup()[pri:0, instance:com.quidco.tests.JoinNowTests@6f7fd0e6]" name="setup" is-config="true" duration-ms="4635" started-at="2017-09-19T09:56:18Z" finished-at="2017-09-19T09:56:23Z">
          <reporter-output>
          </reporter-output>
        </test-method> <!-- setup -->
        <test-method status="PASS" signature="joinNowInvaliddetailsTest()[pri:0, instance:com.quidco.tests.JoinNowTests@6f7fd0e6]" name="joinNowInvaliddetailsTest" duration-ms="5554" started-at="2017-09-19T09:56:23Z" finished-at="2017-09-19T09:56:28Z">
          <reporter-output>
          </reporter-output>
        </test-method> <!-- joinNowInvaliddetailsTest -->
        <test-method status="PASS" signature="teardown()[pri:0, instance:com.quidco.tests.JoinNowTests@6f7fd0e6]" name="teardown" is-config="true" duration-ms="1" started-at="2017-09-19T09:56:28Z" finished-at="2017-09-19T09:56:28Z">
          <reporter-output>
          </reporter-output>
        </test-method> <!-- teardown -->
        <test-method status="PASS" signature="setup()[pri:0, instance:com.quidco.tests.JoinNowTests@6f7fd0e6]" name="setup" is-config="true" duration-ms="3949" started-at="2017-09-19T09:56:28Z" finished-at="2017-09-19T09:56:32Z">
          <reporter-output>
          </reporter-output>
        </test-method> <!-- setup -->
        <test-method status="PASS" signature="joinNowValidTest()[pri:0, instance:com.quidco.tests.JoinNowTests@6f7fd0e6]" name="joinNowValidTest" duration-ms="11257" started-at="2017-09-19T09:56:32Z" finished-at="2017-09-19T09:56:44Z">
          <reporter-output>
          </reporter-output>
        </test-method> <!-- joinNowValidTest -->
        <test-method status="PASS" signature="teardown()[pri:0, instance:com.quidco.tests.JoinNowTests@6f7fd0e6]" name="teardown" is-config="true" duration-ms="0" started-at="2017-09-19T09:56:44Z" finished-at="2017-09-19T09:56:44Z">
          <reporter-output>
          </reporter-output>
        </test-method> <!-- teardown -->
      </class> <!-- com.quidco.tests.JoinNowTests -->
    </test> <!-- Default test -->
  </suite> <!-- Default suite -->
</testng-results>
